2019-01-04 10:26:31.074 [restartedMain] INFO  com.example.kuangjia.KuangjiaApplication - Starting KuangjiaApplication on WIN-90BVOJIBBLG with PID 9300 (F:\kuangjia\target\classes started by Administrator in F:\kuangjia)
2019-01-04 10:26:31.113 [restartedMain] INFO  com.example.kuangjia.KuangjiaApplication - The following profiles are active: dev
2019-01-04 10:26:31.205 [restartedMain] INFO  o.s.b.d.env.DevToolsPropertyDefaultsPostProcessor - Devtools property defaults active! Set 'spring.devtools.add-properties' to 'false' to disable
2019-01-04 10:26:31.205 [restartedMain] INFO  o.s.b.d.env.DevToolsPropertyDefaultsPostProcessor - For additional web related logging consider setting the 'logging.level.web' property to 'DEBUG'
2019-01-04 10:26:34.253 [restartedMain] INFO  o.s.boot.web.embedded.tomcat.TomcatWebServer - Tomcat initialized with port(s): 8080 (http)
2019-01-04 10:26:34.273 [restartedMain] INFO  org.apache.coyote.http11.Http11NioProtocol - Initializing ProtocolHandler ["http-nio-8080"]
2019-01-04 10:26:34.313 [restartedMain] INFO  org.apache.catalina.core.StandardService - Starting service [Tomcat]
2019-01-04 10:26:34.313 [restartedMain] INFO  org.apache.catalina.core.StandardEngine - Starting Servlet Engine: Apache Tomcat/9.0.13
2019-01-04 10:26:34.325 [restartedMain] INFO  org.apache.catalina.core.AprLifecycleListener - The APR based Apache Tomcat Native library which allows optimal performance in production environments was not found on the java.library.path: [C:\Program Files\Java\jdk1.8.0_191\bin;C:\Windows\Sun\Java\bin;C:\Windows\system32;C:\Windows;MySQL Utilities\;F:\apache-maven-3.3.9\bin;C:\Program Files\Java\jdk1.8.0_191\bin;F:\apache-maven-3.3.9\bin\;E:\Git\cmd;.]
2019-01-04 10:26:35.018 [restartedMain] INFO  o.a.c.core.ContainerBase.[Tomcat].[localhost].[/] - Initializing Spring embedded WebApplicationContext
2019-01-04 10:26:35.018 [restartedMain] INFO  org.springframework.web.context.ContextLoader - Root WebApplicationContext: initialization completed in 3812 ms
2019-01-04 10:26:35.430 [restartedMain] INFO  c.a.d.s.b.a.DruidDataSourceAutoConfigure - Init DruidDataSource
2019-01-04 10:26:37.052 [restartedMain] INFO  com.alibaba.druid.pool.DruidDataSource - {dataSource-1} inited
2019-01-04 10:26:37.805 [restartedMain] INFO  o.s.scheduling.concurrent.ThreadPoolTaskExecutor - Initializing ExecutorService 'applicationTaskExecutor'
2019-01-04 10:26:38.424 [restartedMain] INFO  o.s.b.a.web.servlet.WelcomePageHandlerMapping - Adding welcome page template: index
2019-01-04 10:26:39.964 [restartedMain] INFO  o.s.security.web.DefaultSecurityFilterChain - Creating filter chain: any request, [org.springframework.security.web.context.request.async.WebAsyncManagerIntegrationFilter@11af2111, org.springframework.security.web.context.SecurityContextPersistenceFilter@1432c1b3, org.springframework.security.web.header.HeaderWriterFilter@5c6368d4, org.springframework.security.web.authentication.logout.LogoutFilter@684c263f, org.springframework.security.web.authentication.UsernamePasswordAuthenticationFilter@2805ca4f, org.springframework.security.web.authentication.ui.DefaultLoginPageGeneratingFilter@7ff8debf, org.springframework.security.web.authentication.ui.DefaultLogoutPageGeneratingFilter@21e4b345, org.springframework.security.web.authentication.www.BasicAuthenticationFilter@4cc8a97a, org.springframework.security.web.savedrequest.RequestCacheAwareFilter@58335d31, org.springframework.security.web.servletapi.SecurityContextHolderAwareRequestFilter@149c53e9, org.springframework.security.web.authentication.AnonymousAuthenticationFilter@4fa2b7fc, org.springframework.security.web.session.SessionManagementFilter@3115eb48, org.springframework.security.web.access.ExceptionTranslationFilter@6d9c8139, org.springframework.security.web.access.intercept.FilterSecurityInterceptor@52b286a1]
2019-01-04 10:26:44.309 [restartedMain] INFO  o.s.b.d.autoconfigure.OptionalLiveReloadServer - LiveReload server is running on port 35729
2019-01-04 10:26:44.386 [restartedMain] INFO  org.apache.coyote.http11.Http11NioProtocol - Starting ProtocolHandler ["http-nio-8080"]
2019-01-04 10:26:44.434 [restartedMain] INFO  org.apache.tomcat.util.net.NioSelectorPool - Using a shared selector for servlet write/read
2019-01-04 10:26:44.463 [restartedMain] INFO  o.s.boot.web.embedded.tomcat.TomcatWebServer - Tomcat started on port(s): 8080 (http) with context path ''
2019-01-04 10:26:44.470 [restartedMain] INFO  com.example.kuangjia.KuangjiaApplication - Started KuangjiaApplication in 14.914 seconds (JVM running for 19.437)
2019-01-04 10:27:32.229 [http-nio-8080-exec-2] INFO  o.a.c.core.ContainerBase.[Tomcat].[localhost].[/] - Initializing Spring DispatcherServlet 'dispatcherServlet'
2019-01-04 10:27:32.231 [http-nio-8080-exec-2] INFO  org.springframework.web.servlet.DispatcherServlet - Initializing Servlet 'dispatcherServlet'
2019-01-04 10:27:32.254 [http-nio-8080-exec-2] INFO  org.springframework.web.servlet.DispatcherServlet - Completed initialization in 22 ms
2019-01-04 14:11:19.237 [restartedMain] INFO  com.example.kuangjia.KuangjiaApplication - Starting KuangjiaApplication on WIN-90BVOJIBBLG with PID 13880 (F:\kuangjia\target\classes started by Administrator in F:\kuangjia)
2019-01-04 14:11:19.241 [restartedMain] INFO  com.example.kuangjia.KuangjiaApplication - The following profiles are active: dev
2019-01-04 14:11:19.375 [restartedMain] INFO  o.s.b.d.env.DevToolsPropertyDefaultsPostProcessor - Devtools property defaults active! Set 'spring.devtools.add-properties' to 'false' to disable
2019-01-04 14:11:19.375 [restartedMain] INFO  o.s.b.d.env.DevToolsPropertyDefaultsPostProcessor - For additional web related logging consider setting the 'logging.level.web' property to 'DEBUG'
2019-01-04 14:11:23.042 [restartedMain] INFO  o.s.boot.web.embedded.tomcat.TomcatWebServer - Tomcat initialized with port(s): 8080 (http)
2019-01-04 14:11:23.072 [restartedMain] INFO  org.apache.coyote.http11.Http11NioProtocol - Initializing ProtocolHandler ["http-nio-8080"]
2019-01-04 14:11:23.088 [restartedMain] INFO  org.apache.catalina.core.StandardService - Starting service [Tomcat]
2019-01-04 14:11:23.088 [restartedMain] INFO  org.apache.catalina.core.StandardEngine - Starting Servlet Engine: Apache Tomcat/9.0.13
2019-01-04 14:11:23.100 [restartedMain] INFO  org.apache.catalina.core.AprLifecycleListener - The APR based Apache Tomcat Native library which allows optimal performance in production environments was not found on the java.library.path: [C:\Program Files\Java\jdk1.8.0_191\bin;C:\Windows\Sun\Java\bin;C:\Windows\system32;C:\Windows;MySQL Utilities\;F:\apache-maven-3.3.9\bin;C:\Program Files\Java\jdk1.8.0_191\bin;F:\apache-maven-3.3.9\bin\;E:\Git\cmd;.]
2019-01-04 14:11:23.703 [restartedMain] INFO  o.a.c.core.ContainerBase.[Tomcat].[localhost].[/] - Initializing Spring embedded WebApplicationContext
2019-01-04 14:11:23.704 [restartedMain] INFO  org.springframework.web.context.ContextLoader - Root WebApplicationContext: initialization completed in 4328 ms
2019-01-04 14:11:24.124 [restartedMain] INFO  c.a.d.s.b.a.DruidDataSourceAutoConfigure - Init DruidDataSource
2019-01-04 14:11:25.277 [restartedMain] INFO  com.alibaba.druid.pool.DruidDataSource - {dataSource-1} inited
2019-01-04 14:11:25.685 [restartedMain] INFO  o.s.scheduling.concurrent.ThreadPoolTaskExecutor - Initializing ExecutorService 'applicationTaskExecutor'
2019-01-04 14:11:25.918 [restartedMain] INFO  o.s.b.a.web.servlet.WelcomePageHandlerMapping - Adding welcome page template: index
2019-01-04 14:11:26.566 [restartedMain] INFO  o.s.security.web.DefaultSecurityFilterChain - Creating filter chain: any request, [org.springframework.security.web.context.request.async.WebAsyncManagerIntegrationFilter@659c4a57, org.springframework.security.web.context.SecurityContextPersistenceFilter@660c3d68, org.springframework.security.web.header.HeaderWriterFilter@7caad2f, org.springframework.security.web.authentication.logout.LogoutFilter@607382ed, org.springframework.security.web.authentication.UsernamePasswordAuthenticationFilter@5ce8f836, org.springframework.security.web.authentication.ui.DefaultLoginPageGeneratingFilter@f0e196, org.springframework.security.web.authentication.ui.DefaultLogoutPageGeneratingFilter@1bc681e2, org.springframework.security.web.authentication.www.BasicAuthenticationFilter@217a4, org.springframework.security.web.savedrequest.RequestCacheAwareFilter@2a58cd46, org.springframework.security.web.servletapi.SecurityContextHolderAwareRequestFilter@2e7a026b, org.springframework.security.web.authentication.AnonymousAuthenticationFilter@91f5278, org.springframework.security.web.session.SessionManagementFilter@6cc80050, org.springframework.security.web.access.ExceptionTranslationFilter@1ec4ac33, org.springframework.security.web.access.intercept.FilterSecurityInterceptor@117d8aa7]
2019-01-04 14:11:27.405 [restartedMain] INFO  o.s.b.d.autoconfigure.OptionalLiveReloadServer - LiveReload server is running on port 35729
2019-01-04 14:11:27.470 [restartedMain] INFO  org.apache.coyote.http11.Http11NioProtocol - Starting ProtocolHandler ["http-nio-8080"]
2019-01-04 14:11:27.486 [restartedMain] INFO  org.apache.tomcat.util.net.NioSelectorPool - Using a shared selector for servlet write/read
2019-01-04 14:11:27.514 [restartedMain] INFO  o.s.boot.web.embedded.tomcat.TomcatWebServer - Tomcat started on port(s): 8080 (http) with context path ''
2019-01-04 14:11:27.522 [restartedMain] INFO  com.example.kuangjia.KuangjiaApplication - Started KuangjiaApplication in 10.192 seconds (JVM running for 12.377)
2019-01-04 14:14:16.673 [http-nio-8080-exec-1] INFO  o.a.c.core.ContainerBase.[Tomcat].[localhost].[/] - Initializing Spring DispatcherServlet 'dispatcherServlet'
2019-01-04 14:14:16.674 [http-nio-8080-exec-1] INFO  org.springframework.web.servlet.DispatcherServlet - Initializing Servlet 'dispatcherServlet'
2019-01-04 14:14:16.691 [http-nio-8080-exec-1] INFO  org.springframework.web.servlet.DispatcherServlet - Completed initialization in 16 ms
2019-01-04 14:22:04.325 [restartedMain] INFO  com.example.kuangjia.KuangjiaApplication - Starting KuangjiaApplication on WIN-90BVOJIBBLG with PID 10836 (F:\kuangjia\target\classes started by Administrator in F:\kuangjia)
2019-01-04 14:22:04.331 [restartedMain] INFO  com.example.kuangjia.KuangjiaApplication - The following profiles are active: dev
2019-01-04 14:22:04.415 [restartedMain] INFO  o.s.b.d.env.DevToolsPropertyDefaultsPostProcessor - Devtools property defaults active! Set 'spring.devtools.add-properties' to 'false' to disable
2019-01-04 14:22:04.416 [restartedMain] INFO  o.s.b.d.env.DevToolsPropertyDefaultsPostProcessor - For additional web related logging consider setting the 'logging.level.web' property to 'DEBUG'
2019-01-04 14:22:06.817 [restartedMain] INFO  o.s.boot.web.embedded.tomcat.TomcatWebServer - Tomcat initialized with port(s): 8080 (http)
2019-01-04 14:22:06.838 [restartedMain] INFO  org.apache.coyote.http11.Http11NioProtocol - Initializing ProtocolHandler ["http-nio-8080"]
2019-01-04 14:22:06.853 [restartedMain] INFO  org.apache.catalina.core.StandardService - Starting service [Tomcat]
2019-01-04 14:22:06.853 [restartedMain] INFO  org.apache.catalina.core.StandardEngine - Starting Servlet Engine: Apache Tomcat/9.0.13
2019-01-04 14:22:06.863 [restartedMain] INFO  org.apache.catalina.core.AprLifecycleListener - The APR based Apache Tomcat Native library which allows optimal performance in production environments was not found on the java.library.path: [C:\Program Files\Java\jdk1.8.0_191\bin;C:\Windows\Sun\Java\bin;C:\Windows\system32;C:\Windows;MySQL Utilities\;F:\apache-maven-3.3.9\bin;C:\Program Files\Java\jdk1.8.0_191\bin;F:\apache-maven-3.3.9\bin\;E:\Git\cmd;.]
2019-01-04 14:22:07.368 [restartedMain] INFO  o.a.c.core.ContainerBase.[Tomcat].[localhost].[/] - Initializing Spring embedded WebApplicationContext
2019-01-04 14:22:07.378 [restartedMain] INFO  org.springframework.web.context.ContextLoader - Root WebApplicationContext: initialization completed in 2962 ms
2019-01-04 14:22:07.630 [restartedMain] INFO  c.a.d.s.b.a.DruidDataSourceAutoConfigure - Init DruidDataSource
2019-01-04 14:22:08.446 [restartedMain] INFO  com.alibaba.druid.pool.DruidDataSource - {dataSource-1} inited
2019-01-04 14:22:08.833 [restartedMain] INFO  o.s.scheduling.concurrent.ThreadPoolTaskExecutor - Initializing ExecutorService 'applicationTaskExecutor'
2019-01-04 14:22:09.059 [restartedMain] INFO  o.s.b.a.web.servlet.WelcomePageHandlerMapping - Adding welcome page template: index
2019-01-04 14:22:09.631 [restartedMain] INFO  o.s.security.web.DefaultSecurityFilterChain - Creating filter chain: any request, [org.springframework.security.web.context.request.async.WebAsyncManagerIntegrationFilter@2f41d1d2, org.springframework.security.web.context.SecurityContextPersistenceFilter@27d16a0e, org.springframework.security.web.header.HeaderWriterFilter@24f09489, org.springframework.security.web.authentication.logout.LogoutFilter@3fe91e72, org.springframework.security.web.authentication.UsernamePasswordAuthenticationFilter@3f062112, org.springframework.security.web.authentication.ui.DefaultLoginPageGeneratingFilter@25c83456, org.springframework.security.web.authentication.ui.DefaultLogoutPageGeneratingFilter@4feb5e65, org.springframework.security.web.authentication.www.BasicAuthenticationFilter@5baed71b, org.springframework.security.web.savedrequest.RequestCacheAwareFilter@7618d36, org.springframework.security.web.servletapi.SecurityContextHolderAwareRequestFilter@3bb7a653, org.springframework.security.web.authentication.AnonymousAuthenticationFilter@5a722cc5, org.springframework.security.web.session.SessionManagementFilter@6d32c648, org.springframework.security.web.access.ExceptionTranslationFilter@55829321, org.springframework.security.web.access.intercept.FilterSecurityInterceptor@4465bc03]
2019-01-04 14:22:10.418 [restartedMain] INFO  o.s.b.d.autoconfigure.OptionalLiveReloadServer - LiveReload server is running on port 35729
2019-01-04 14:22:10.480 [restartedMain] INFO  org.apache.coyote.http11.Http11NioProtocol - Starting ProtocolHandler ["http-nio-8080"]
2019-01-04 14:22:10.494 [restartedMain] INFO  org.apache.tomcat.util.net.NioSelectorPool - Using a shared selector for servlet write/read
2019-01-04 14:22:10.530 [restartedMain] INFO  o.s.boot.web.embedded.tomcat.TomcatWebServer - Tomcat started on port(s): 8080 (http) with context path ''
2019-01-04 14:22:10.536 [restartedMain] INFO  com.example.kuangjia.KuangjiaApplication - Started KuangjiaApplication in 8.32 seconds (JVM running for 10.88)
2019-01-04 14:22:18.479 [http-nio-8080-exec-10] INFO  o.a.c.core.ContainerBase.[Tomcat].[localhost].[/] - Initializing Spring DispatcherServlet 'dispatcherServlet'
2019-01-04 14:22:18.480 [http-nio-8080-exec-10] INFO  org.springframework.web.servlet.DispatcherServlet - Initializing Servlet 'dispatcherServlet'
2019-01-04 14:22:18.497 [http-nio-8080-exec-10] INFO  org.springframework.web.servlet.DispatcherServlet - Completed initialization in 16 ms
2019-01-04 14:24:29.471 [restartedMain] INFO  com.example.kuangjia.KuangjiaApplication - Starting KuangjiaApplication on WIN-90BVOJIBBLG with PID 15248 (F:\kuangjia\target\classes started by Administrator in F:\kuangjia)
2019-01-04 14:24:29.475 [restartedMain] INFO  com.example.kuangjia.KuangjiaApplication - The following profiles are active: dev
2019-01-04 14:24:29.532 [restartedMain] INFO  o.s.b.d.env.DevToolsPropertyDefaultsPostProcessor - Devtools property defaults active! Set 'spring.devtools.add-properties' to 'false' to disable
2019-01-04 14:24:29.533 [restartedMain] INFO  o.s.b.d.env.DevToolsPropertyDefaultsPostProcessor - For additional web related logging consider setting the 'logging.level.web' property to 'DEBUG'
2019-01-04 14:24:31.904 [restartedMain] INFO  o.s.boot.web.embedded.tomcat.TomcatWebServer - Tomcat initialized with port(s): 8080 (http)
2019-01-04 14:24:31.920 [restartedMain] INFO  org.apache.coyote.http11.Http11NioProtocol - Initializing ProtocolHandler ["http-nio-8080"]
2019-01-04 14:24:31.933 [restartedMain] INFO  org.apache.catalina.core.StandardService - Starting service [Tomcat]
2019-01-04 14:24:31.934 [restartedMain] INFO  org.apache.catalina.core.StandardEngine - Starting Servlet Engine: Apache Tomcat/9.0.13
2019-01-04 14:24:31.943 [restartedMain] INFO  org.apache.catalina.core.AprLifecycleListener - The APR based Apache Tomcat Native library which allows optimal performance in production environments was not found on the java.library.path: [C:\Program Files\Java\jdk1.8.0_191\bin;C:\Windows\Sun\Java\bin;C:\Windows\system32;C:\Windows;MySQL Utilities\;F:\apache-maven-3.3.9\bin;C:\Program Files\Java\jdk1.8.0_191\bin;F:\apache-maven-3.3.9\bin\;E:\Git\cmd;.]
2019-01-04 14:24:32.330 [restartedMain] INFO  o.a.c.core.ContainerBase.[Tomcat].[localhost].[/] - Initializing Spring embedded WebApplicationContext
2019-01-04 14:24:32.332 [restartedMain] INFO  org.springframework.web.context.ContextLoader - Root WebApplicationContext: initialization completed in 2787 ms
2019-01-04 14:24:32.628 [restartedMain] INFO  c.a.d.s.b.a.DruidDataSourceAutoConfigure - Init DruidDataSource
2019-01-04 14:24:33.423 [restartedMain] INFO  com.alibaba.druid.pool.DruidDataSource - {dataSource-1} inited
2019-01-04 14:24:33.789 [restartedMain] INFO  o.s.scheduling.concurrent.ThreadPoolTaskExecutor - Initializing ExecutorService 'applicationTaskExecutor'
2019-01-04 14:24:34.025 [restartedMain] INFO  o.s.b.a.web.servlet.WelcomePageHandlerMapping - Adding welcome page template: index
2019-01-04 14:24:34.589 [restartedMain] INFO  o.s.security.web.DefaultSecurityFilterChain - Creating filter chain: any request, [org.springframework.security.web.context.request.async.WebAsyncManagerIntegrationFilter@33422e3a, org.springframework.security.web.context.SecurityContextPersistenceFilter@42d7360e, org.springframework.security.web.header.HeaderWriterFilter@3ca3af8, org.springframework.security.web.authentication.logout.LogoutFilter@3865e2d0, org.springframework.security.web.authentication.UsernamePasswordAuthenticationFilter@ad32fcd, org.springframework.security.web.authentication.ui.DefaultLoginPageGeneratingFilter@41efdda0, org.springframework.security.web.authentication.ui.DefaultLogoutPageGeneratingFilter@61dd0ea3, org.springframework.security.web.authentication.www.BasicAuthenticationFilter@49544cc2, org.springframework.security.web.savedrequest.RequestCacheAwareFilter@ffa02fd, org.springframework.security.web.servletapi.SecurityContextHolderAwareRequestFilter@153903e5, org.springframework.security.web.authentication.AnonymousAuthenticationFilter@13904300, org.springframework.security.web.session.SessionManagementFilter@f9c16ca, org.springframework.security.web.access.ExceptionTranslationFilter@4f90bb85, org.springframework.security.web.access.intercept.FilterSecurityInterceptor@11c07d82]
2019-01-04 14:24:35.435 [restartedMain] INFO  o.s.b.d.autoconfigure.OptionalLiveReloadServer - LiveReload server is running on port 35729
2019-01-04 14:24:35.492 [restartedMain] INFO  org.apache.coyote.http11.Http11NioProtocol - Starting ProtocolHandler ["http-nio-8080"]
2019-01-04 14:24:35.505 [restartedMain] INFO  org.apache.tomcat.util.net.NioSelectorPool - Using a shared selector for servlet write/read
2019-01-04 14:24:35.533 [restartedMain] INFO  o.s.boot.web.embedded.tomcat.TomcatWebServer - Tomcat started on port(s): 8080 (http) with context path ''
2019-01-04 14:24:35.541 [restartedMain] INFO  com.example.kuangjia.KuangjiaApplication - Started KuangjiaApplication in 7.221 seconds (JVM running for 11.436)
2019-01-04 14:24:39.148 [http-nio-8080-exec-1] INFO  o.a.c.core.ContainerBase.[Tomcat].[localhost].[/] - Initializing Spring DispatcherServlet 'dispatcherServlet'
2019-01-04 14:24:39.149 [http-nio-8080-exec-1] INFO  org.springframework.web.servlet.DispatcherServlet - Initializing Servlet 'dispatcherServlet'
2019-01-04 14:24:39.173 [http-nio-8080-exec-1] INFO  org.springframework.web.servlet.DispatcherServlet - Completed initialization in 22 ms
2019-01-04 14:26:30.130 [restartedMain] INFO  com.example.kuangjia.KuangjiaApplication - Starting KuangjiaApplication on WIN-90BVOJIBBLG with PID 16356 (F:\kuangjia\target\classes started by Administrator in F:\kuangjia)
2019-01-04 14:26:30.134 [restartedMain] INFO  com.example.kuangjia.KuangjiaApplication - The following profiles are active: dev
2019-01-04 14:26:30.246 [restartedMain] INFO  o.s.b.d.env.DevToolsPropertyDefaultsPostProcessor - Devtools property defaults active! Set 'spring.devtools.add-properties' to 'false' to disable
2019-01-04 14:26:30.248 [restartedMain] INFO  o.s.b.d.env.DevToolsPropertyDefaultsPostProcessor - For additional web related logging consider setting the 'logging.level.web' property to 'DEBUG'
2019-01-04 14:26:33.300 [restartedMain] INFO  o.s.boot.web.embedded.tomcat.TomcatWebServer - Tomcat initialized with port(s): 8080 (http)
2019-01-04 14:26:33.318 [restartedMain] INFO  org.apache.coyote.http11.Http11NioProtocol - Initializing ProtocolHandler ["http-nio-8080"]
2019-01-04 14:26:33.399 [restartedMain] INFO  org.apache.catalina.core.StandardService - Starting service [Tomcat]
2019-01-04 14:26:33.400 [restartedMain] INFO  org.apache.catalina.core.StandardEngine - Starting Servlet Engine: Apache Tomcat/9.0.13
2019-01-04 14:26:33.413 [restartedMain] INFO  org.apache.catalina.core.AprLifecycleListener - The APR based Apache Tomcat Native library which allows optimal performance in production environments was not found on the java.library.path: [C:\Program Files\Java\jdk1.8.0_191\bin;C:\Windows\Sun\Java\bin;C:\Windows\system32;C:\Windows;MySQL Utilities\;F:\apache-maven-3.3.9\bin;C:\Program Files\Java\jdk1.8.0_191\bin;F:\apache-maven-3.3.9\bin\;E:\Git\cmd;.]
2019-01-04 14:26:33.800 [restartedMain] INFO  o.a.c.core.ContainerBase.[Tomcat].[localhost].[/] - Initializing Spring embedded WebApplicationContext
2019-01-04 14:26:33.801 [restartedMain] INFO  org.springframework.web.context.ContextLoader - Root WebApplicationContext: initialization completed in 3552 ms
2019-01-04 14:26:34.119 [restartedMain] INFO  c.a.d.s.b.a.DruidDataSourceAutoConfigure - Init DruidDataSource
2019-01-04 14:26:34.994 [restartedMain] INFO  com.alibaba.druid.pool.DruidDataSource - {dataSource-1} inited
2019-01-04 14:26:35.390 [restartedMain] INFO  o.s.scheduling.concurrent.ThreadPoolTaskExecutor - Initializing ExecutorService 'applicationTaskExecutor'
2019-01-04 14:26:35.606 [restartedMain] INFO  o.s.b.a.web.servlet.WelcomePageHandlerMapping - Adding welcome page template: index
2019-01-04 14:26:36.253 [restartedMain] INFO  o.s.security.web.DefaultSecurityFilterChain - Creating filter chain: any request, [org.springframework.security.web.context.request.async.WebAsyncManagerIntegrationFilter@721e990e, org.springframework.security.web.context.SecurityContextPersistenceFilter@3bb8dc60, org.springframework.security.web.header.HeaderWriterFilter@1867060, org.springframework.security.web.authentication.logout.LogoutFilter@3fd1c259, org.springframework.security.web.authentication.UsernamePasswordAuthenticationFilter@22ce5dc7, org.springframework.security.web.authentication.ui.DefaultLoginPageGeneratingFilter@d2d5010, org.springframework.security.web.authentication.ui.DefaultLogoutPageGeneratingFilter@80ac74f, org.springframework.security.web.authentication.www.BasicAuthenticationFilter@557f0d0a, org.springframework.security.web.savedrequest.RequestCacheAwareFilter@511d4e54, org.springframework.security.web.servletapi.SecurityContextHolderAwareRequestFilter@7b96e4e4, org.springframework.security.web.authentication.AnonymousAuthenticationFilter@d0d00f2, org.springframework.security.web.session.SessionManagementFilter@759cc942, org.springframework.security.web.access.ExceptionTranslationFilter@1858db91, org.springframework.security.web.access.intercept.FilterSecurityInterceptor@1348cacc]
2019-01-04 14:26:37.097 [restartedMain] INFO  o.s.b.d.autoconfigure.OptionalLiveReloadServer - LiveReload server is running on port 35729
2019-01-04 14:26:37.155 [restartedMain] INFO  org.apache.coyote.http11.Http11NioProtocol - Starting ProtocolHandler ["http-nio-8080"]
2019-01-04 14:26:37.170 [restartedMain] INFO  org.apache.tomcat.util.net.NioSelectorPool - Using a shared selector for servlet write/read
2019-01-04 14:26:37.193 [restartedMain] INFO  o.s.boot.web.embedded.tomcat.TomcatWebServer - Tomcat started on port(s): 8080 (http) with context path ''
2019-01-04 14:26:37.206 [restartedMain] INFO  com.example.kuangjia.KuangjiaApplication - Started KuangjiaApplication in 8.953 seconds (JVM running for 12.087)
2019-01-04 14:26:46.033 [http-nio-8080-exec-2] INFO  o.a.c.core.ContainerBase.[Tomcat].[localhost].[/] - Initializing Spring DispatcherServlet 'dispatcherServlet'
2019-01-04 14:26:46.033 [http-nio-8080-exec-2] INFO  org.springframework.web.servlet.DispatcherServlet - Initializing Servlet 'dispatcherServlet'
2019-01-04 14:26:46.063 [http-nio-8080-exec-2] INFO  org.springframework.web.servlet.DispatcherServlet - Completed initialization in 30 ms
2019-01-04 14:27:55.682 [restartedMain] INFO  com.example.kuangjia.KuangjiaApplication - Starting KuangjiaApplication on WIN-90BVOJIBBLG with PID 14904 (F:\kuangjia\target\classes started by Administrator in F:\kuangjia)
2019-01-04 14:27:55.686 [restartedMain] INFO  com.example.kuangjia.KuangjiaApplication - The following profiles are active: dev
2019-01-04 14:27:55.756 [restartedMain] INFO  o.s.b.d.env.DevToolsPropertyDefaultsPostProcessor - Devtools property defaults active! Set 'spring.devtools.add-properties' to 'false' to disable
2019-01-04 14:27:55.756 [restartedMain] INFO  o.s.b.d.env.DevToolsPropertyDefaultsPostProcessor - For additional web related logging consider setting the 'logging.level.web' property to 'DEBUG'
2019-01-04 14:27:58.345 [restartedMain] INFO  o.s.boot.web.embedded.tomcat.TomcatWebServer - Tomcat initialized with port(s): 8080 (http)
2019-01-04 14:27:58.363 [restartedMain] INFO  org.apache.coyote.http11.Http11NioProtocol - Initializing ProtocolHandler ["http-nio-8080"]
2019-01-04 14:27:58.379 [restartedMain] INFO  org.apache.catalina.core.StandardService - Starting service [Tomcat]
2019-01-04 14:27:58.379 [restartedMain] INFO  org.apache.catalina.core.StandardEngine - Starting Servlet Engine: Apache Tomcat/9.0.13
2019-01-04 14:27:58.388 [restartedMain] INFO  org.apache.catalina.core.AprLifecycleListener - The APR based Apache Tomcat Native library which allows optimal performance in production environments was not found on the java.library.path: [C:\Program Files\Java\jdk1.8.0_191\bin;C:\Windows\Sun\Java\bin;C:\Windows\system32;C:\Windows;MySQL Utilities\;F:\apache-maven-3.3.9\bin;C:\Program Files\Java\jdk1.8.0_191\bin;F:\apache-maven-3.3.9\bin\;E:\Git\cmd;.]
2019-01-04 14:27:58.757 [restartedMain] INFO  o.a.c.core.ContainerBase.[Tomcat].[localhost].[/] - Initializing Spring embedded WebApplicationContext
2019-01-04 14:27:58.758 [restartedMain] INFO  org.springframework.web.context.ContextLoader - Root WebApplicationContext: initialization completed in 3002 ms
2019-01-04 14:27:59.048 [restartedMain] INFO  c.a.d.s.b.a.DruidDataSourceAutoConfigure - Init DruidDataSource
2019-01-04 14:27:59.883 [restartedMain] INFO  com.alibaba.druid.pool.DruidDataSource - {dataSource-1} inited
2019-01-04 14:28:00.270 [restartedMain] INFO  o.s.scheduling.concurrent.ThreadPoolTaskExecutor - Initializing ExecutorService 'applicationTaskExecutor'
2019-01-04 14:28:00.481 [restartedMain] INFO  o.s.b.a.web.servlet.WelcomePageHandlerMapping - Adding welcome page template: index
2019-01-04 14:28:01.064 [restartedMain] INFO  o.s.security.web.DefaultSecurityFilterChain - Creating filter chain: any request, [org.springframework.security.web.context.request.async.WebAsyncManagerIntegrationFilter@43cae14f, org.springframework.security.web.context.SecurityContextPersistenceFilter@6dd8e310, org.springframework.security.web.header.HeaderWriterFilter@4adf8a0c, org.springframework.security.web.authentication.logout.LogoutFilter@29dff790, org.springframework.security.web.authentication.UsernamePasswordAuthenticationFilter@a26f811, org.springframework.security.web.authentication.ui.DefaultLoginPageGeneratingFilter@7e022fca, org.springframework.security.web.authentication.ui.DefaultLogoutPageGeneratingFilter@72463d39, org.springframework.security.web.authentication.www.BasicAuthenticationFilter@187a699b, org.springframework.security.web.savedrequest.RequestCacheAwareFilter@1396336f, org.springframework.security.web.servletapi.SecurityContextHolderAwareRequestFilter@2ee9cfc2, org.springframework.security.web.authentication.AnonymousAuthenticationFilter@64ae139d, org.springframework.security.web.session.SessionManagementFilter@3b7dcdb6, org.springframework.security.web.access.ExceptionTranslationFilter@77e4df20, org.springframework.security.web.access.intercept.FilterSecurityInterceptor@384cb17f]
2019-01-04 14:28:01.863 [restartedMain] INFO  o.s.b.d.autoconfigure.OptionalLiveReloadServer - LiveReload server is running on port 35729
2019-01-04 14:28:01.923 [restartedMain] INFO  org.apache.coyote.http11.Http11NioProtocol - Starting ProtocolHandler ["http-nio-8080"]
2019-01-04 14:28:01.936 [restartedMain] INFO  org.apache.tomcat.util.net.NioSelectorPool - Using a shared selector for servlet write/read
2019-01-04 14:28:01.956 [restartedMain] INFO  o.s.boot.web.embedded.tomcat.TomcatWebServer - Tomcat started on port(s): 8080 (http) with context path ''
2019-01-04 14:28:01.961 [restartedMain] INFO  com.example.kuangjia.KuangjiaApplication - Started KuangjiaApplication in 7.991 seconds (JVM running for 10.411)
2019-01-04 14:28:11.444 [http-nio-8080-exec-1] INFO  o.a.c.core.ContainerBase.[Tomcat].[localhost].[/] - Initializing Spring DispatcherServlet 'dispatcherServlet'
2019-01-04 14:28:11.444 [http-nio-8080-exec-1] INFO  org.springframework.web.servlet.DispatcherServlet - Initializing Servlet 'dispatcherServlet'
2019-01-04 14:28:11.462 [http-nio-8080-exec-1] INFO  org.springframework.web.servlet.DispatcherServlet - Completed initialization in 18 ms
2019-01-04 14:39:24.569 [restartedMain] INFO  com.example.kuangjia.KuangjiaApplication - Starting KuangjiaApplication on WIN-90BVOJIBBLG with PID 14696 (F:\kuangjia\target\classes started by Administrator in F:\kuangjia)
2019-01-04 14:39:24.574 [restartedMain] INFO  com.example.kuangjia.KuangjiaApplication - The following profiles are active: dev
2019-01-04 14:39:24.666 [restartedMain] INFO  o.s.b.d.env.DevToolsPropertyDefaultsPostProcessor - Devtools property defaults active! Set 'spring.devtools.add-properties' to 'false' to disable
2019-01-04 14:39:24.666 [restartedMain] INFO  o.s.b.d.env.DevToolsPropertyDefaultsPostProcessor - For additional web related logging consider setting the 'logging.level.web' property to 'DEBUG'
2019-01-04 14:39:28.561 [restartedMain] INFO  o.s.boot.web.embedded.tomcat.TomcatWebServer - Tomcat initialized with port(s): 8080 (http)
2019-01-04 14:39:28.582 [restartedMain] INFO  org.apache.coyote.http11.Http11NioProtocol - Initializing ProtocolHandler ["http-nio-8080"]
2019-01-04 14:39:28.597 [restartedMain] INFO  org.apache.catalina.core.StandardService - Starting service [Tomcat]
2019-01-04 14:39:28.598 [restartedMain] INFO  org.apache.catalina.core.StandardEngine - Starting Servlet Engine: Apache Tomcat/9.0.13
2019-01-04 14:39:28.611 [restartedMain] INFO  org.apache.catalina.core.AprLifecycleListener - The APR based Apache Tomcat Native library which allows optimal performance in production environments was not found on the java.library.path: [C:\Program Files\Java\jdk1.8.0_191\bin;C:\Windows\Sun\Java\bin;C:\Windows\system32;C:\Windows;MySQL Utilities\;F:\apache-maven-3.3.9\bin;C:\Program Files\Java\jdk1.8.0_191\bin;F:\apache-maven-3.3.9\bin\;E:\Git\cmd;.]
2019-01-04 14:39:28.800 [restartedMain] INFO  o.a.c.core.ContainerBase.[Tomcat].[localhost].[/] - Initializing Spring embedded WebApplicationContext
2019-01-04 14:39:28.800 [restartedMain] INFO  org.springframework.web.context.ContextLoader - Root WebApplicationContext: initialization completed in 4134 ms
2019-01-04 14:39:29.353 [restartedMain] INFO  c.a.d.s.b.a.DruidDataSourceAutoConfigure - Init DruidDataSource
2019-01-04 14:39:30.242 [restartedMain] INFO  com.alibaba.druid.pool.DruidDataSource - {dataSource-1} inited
2019-01-04 14:39:30.814 [restartedMain] INFO  o.s.scheduling.concurrent.ThreadPoolTaskExecutor - Initializing ExecutorService 'applicationTaskExecutor'
2019-01-04 14:39:31.091 [restartedMain] INFO  o.s.b.a.web.servlet.WelcomePageHandlerMapping - Adding welcome page template: index
2019-01-04 14:39:31.925 [restartedMain] INFO  o.s.security.web.DefaultSecurityFilterChain - Creating filter chain: any request, [org.springframework.security.web.context.request.async.WebAsyncManagerIntegrationFilter@3576a22e, org.springframework.security.web.context.SecurityContextPersistenceFilter@5ae6443, org.springframework.security.web.header.HeaderWriterFilter@5ecef732, org.springframework.security.web.authentication.logout.LogoutFilter@cfc9fd9, org.springframework.security.web.authentication.UsernamePasswordAuthenticationFilter@76795bcd, org.springframework.security.web.authentication.ui.DefaultLoginPageGeneratingFilter@573ee860, org.springframework.security.web.authentication.ui.DefaultLogoutPageGeneratingFilter@1ffb72b7, org.springframework.security.web.authentication.www.BasicAuthenticationFilter@1afcd7a9, org.springframework.security.web.savedrequest.RequestCacheAwareFilter@4437ce81, org.springframework.security.web.servletapi.SecurityContextHolderAwareRequestFilter@77f518d0, org.springframework.security.web.authentication.AnonymousAuthenticationFilter@27c8c186, org.springframework.security.web.session.SessionManagementFilter@17e2e001, org.springframework.security.web.access.ExceptionTranslationFilter@4ec02b1f, org.springframework.security.web.access.intercept.FilterSecurityInterceptor@7dc690b9]
2019-01-04 14:39:32.958 [restartedMain] INFO  o.s.b.d.autoconfigure.OptionalLiveReloadServer - LiveReload server is running on port 35729
2019-01-04 14:39:33.022 [restartedMain] INFO  org.apache.coyote.http11.Http11NioProtocol - Starting ProtocolHandler ["http-nio-8080"]
2019-01-04 14:39:33.054 [restartedMain] INFO  org.apache.tomcat.util.net.NioSelectorPool - Using a shared selector for servlet write/read
2019-01-04 14:39:33.079 [restartedMain] INFO  o.s.boot.web.embedded.tomcat.TomcatWebServer - Tomcat started on port(s): 8080 (http) with context path ''
2019-01-04 14:39:33.084 [restartedMain] INFO  com.example.kuangjia.KuangjiaApplication - Started KuangjiaApplication in 9.737 seconds (JVM running for 14.533)
2019-01-04 14:39:45.074 [http-nio-8080-exec-9] INFO  o.a.c.core.ContainerBase.[Tomcat].[localhost].[/] - Initializing Spring DispatcherServlet 'dispatcherServlet'
2019-01-04 14:39:45.074 [http-nio-8080-exec-9] INFO  org.springframework.web.servlet.DispatcherServlet - Initializing Servlet 'dispatcherServlet'
2019-01-04 14:39:45.093 [http-nio-8080-exec-9] INFO  org.springframework.web.servlet.DispatcherServlet - Completed initialization in 19 ms
2019-01-04 14:48:37.497 [restartedMain] INFO  com.example.kuangjia.KuangjiaApplication - Starting KuangjiaApplication on WIN-90BVOJIBBLG with PID 17080 (F:\kuangjia\target\classes started by Administrator in F:\kuangjia)
2019-01-04 14:48:37.500 [restartedMain] INFO  com.example.kuangjia.KuangjiaApplication - The following profiles are active: dev
2019-01-04 14:48:37.560 [restartedMain] INFO  o.s.b.d.env.DevToolsPropertyDefaultsPostProcessor - Devtools property defaults active! Set 'spring.devtools.add-properties' to 'false' to disable
2019-01-04 14:48:37.566 [restartedMain] INFO  o.s.b.d.env.DevToolsPropertyDefaultsPostProcessor - For additional web related logging consider setting the 'logging.level.web' property to 'DEBUG'
2019-01-04 14:48:39.726 [restartedMain] INFO  o.s.boot.web.embedded.tomcat.TomcatWebServer - Tomcat initialized with port(s): 8080 (http)
2019-01-04 14:48:39.742 [restartedMain] INFO  org.apache.coyote.http11.Http11NioProtocol - Initializing ProtocolHandler ["http-nio-8080"]
2019-01-04 14:48:39.756 [restartedMain] INFO  org.apache.catalina.core.StandardService - Starting service [Tomcat]
2019-01-04 14:48:39.757 [restartedMain] INFO  org.apache.catalina.core.StandardEngine - Starting Servlet Engine: Apache Tomcat/9.0.13
2019-01-04 14:48:39.766 [restartedMain] INFO  org.apache.catalina.core.AprLifecycleListener - The APR based Apache Tomcat Native library which allows optimal performance in production environments was not found on the java.library.path: [C:\Program Files\Java\jdk1.8.0_191\bin;C:\Windows\Sun\Java\bin;C:\Windows\system32;C:\Windows;MySQL Utilities\;F:\apache-maven-3.3.9\bin;C:\Program Files\Java\jdk1.8.0_191\bin;F:\apache-maven-3.3.9\bin\;E:\Git\cmd;.]
2019-01-04 14:48:40.122 [restartedMain] INFO  o.a.c.core.ContainerBase.[Tomcat].[localhost].[/] - Initializing Spring embedded WebApplicationContext
2019-01-04 14:48:40.123 [restartedMain] INFO  org.springframework.web.context.ContextLoader - Root WebApplicationContext: initialization completed in 2556 ms
2019-01-04 14:48:40.418 [restartedMain] INFO  c.a.d.s.b.a.DruidDataSourceAutoConfigure - Init DruidDataSource
2019-01-04 14:48:41.340 [restartedMain] INFO  com.alibaba.druid.pool.DruidDataSource - {dataSource-1} inited
2019-01-04 14:48:41.728 [restartedMain] INFO  o.s.scheduling.concurrent.ThreadPoolTaskExecutor - Initializing ExecutorService 'applicationTaskExecutor'
2019-01-04 14:48:41.903 [restartedMain] INFO  o.s.b.a.web.servlet.WelcomePageHandlerMapping - Adding welcome page template: index
2019-01-04 14:48:42.496 [restartedMain] INFO  o.s.security.web.DefaultSecurityFilterChain - Creating filter chain: any request, [org.springframework.security.web.context.request.async.WebAsyncManagerIntegrationFilter@581fa920, org.springframework.security.web.context.SecurityContextPersistenceFilter@272605de, org.springframework.security.web.header.HeaderWriterFilter@1556a508, org.springframework.security.web.authentication.logout.LogoutFilter@48bcf79d, org.springframework.security.web.authentication.UsernamePasswordAuthenticationFilter@1b1c7bbe, org.springframework.security.web.authentication.ui.DefaultLoginPageGeneratingFilter@62769cb1, org.springframework.security.web.authentication.ui.DefaultLogoutPageGeneratingFilter@15c7a65b, org.springframework.security.web.authentication.www.BasicAuthenticationFilter@23af7644, org.springframework.security.web.savedrequest.RequestCacheAwareFilter@37767c6b, org.springframework.security.web.servletapi.SecurityContextHolderAwareRequestFilter@5bfae1c0, org.springframework.security.web.authentication.AnonymousAuthenticationFilter@2aefb262, org.springframework.security.web.session.SessionManagementFilter@76e4228d, org.springframework.security.web.access.ExceptionTranslationFilter@5f81b52, org.springframework.security.web.access.intercept.FilterSecurityInterceptor@5232bab1]
2019-01-04 14:48:43.221 [restartedMain] INFO  o.s.b.d.autoconfigure.OptionalLiveReloadServer - LiveReload server is running on port 35729
2019-01-04 14:48:43.275 [restartedMain] INFO  org.apache.coyote.http11.Http11NioProtocol - Starting ProtocolHandler ["http-nio-8080"]
2019-01-04 14:48:43.288 [restartedMain] INFO  org.apache.tomcat.util.net.NioSelectorPool - Using a shared selector for servlet write/read
2019-01-04 14:48:43.313 [restartedMain] INFO  o.s.boot.web.embedded.tomcat.TomcatWebServer - Tomcat started on port(s): 8080 (http) with context path ''
2019-01-04 14:48:43.319 [restartedMain] INFO  com.example.kuangjia.KuangjiaApplication - Started KuangjiaApplication in 8.106 seconds (JVM running for 10.745)
2019-01-04 14:49:11.934 [http-nio-8080-exec-1] INFO  o.a.c.core.ContainerBase.[Tomcat].[localhost].[/] - Initializing Spring DispatcherServlet 'dispatcherServlet'
2019-01-04 14:49:11.935 [http-nio-8080-exec-1] INFO  org.springframework.web.servlet.DispatcherServlet - Initializing Servlet 'dispatcherServlet'
2019-01-04 14:49:11.958 [http-nio-8080-exec-1] INFO  org.springframework.web.servlet.DispatcherServlet - Completed initialization in 22 ms
2019-01-04 14:49:48.757 [restartedMain] INFO  com.example.kuangjia.KuangjiaApplication - Starting KuangjiaApplication on WIN-90BVOJIBBLG with PID 15232 (F:\kuangjia\target\classes started by Administrator in F:\kuangjia)
2019-01-04 14:49:48.761 [restartedMain] INFO  com.example.kuangjia.KuangjiaApplication - The following profiles are active: dev
2019-01-04 14:49:48.809 [restartedMain] INFO  o.s.b.d.env.DevToolsPropertyDefaultsPostProcessor - Devtools property defaults active! Set 'spring.devtools.add-properties' to 'false' to disable
2019-01-04 14:49:48.810 [restartedMain] INFO  o.s.b.d.env.DevToolsPropertyDefaultsPostProcessor - For additional web related logging consider setting the 'logging.level.web' property to 'DEBUG'
2019-01-04 14:49:51.105 [restartedMain] INFO  o.s.boot.web.embedded.tomcat.TomcatWebServer - Tomcat initialized with port(s): 8080 (http)
2019-01-04 14:49:51.126 [restartedMain] INFO  org.apache.coyote.http11.Http11NioProtocol - Initializing ProtocolHandler ["http-nio-8080"]
2019-01-04 14:49:51.150 [restartedMain] INFO  org.apache.catalina.core.StandardService - Starting service [Tomcat]
2019-01-04 14:49:51.151 [restartedMain] INFO  org.apache.catalina.core.StandardEngine - Starting Servlet Engine: Apache Tomcat/9.0.13
2019-01-04 14:49:51.160 [restartedMain] INFO  org.apache.catalina.core.AprLifecycleListener - The APR based Apache Tomcat Native library which allows optimal performance in production environments was not found on the java.library.path: [C:\Program Files\Java\jdk1.8.0_191\bin;C:\Windows\Sun\Java\bin;C:\Windows\system32;C:\Windows;MySQL Utilities\;F:\apache-maven-3.3.9\bin;C:\Program Files\Java\jdk1.8.0_191\bin;F:\apache-maven-3.3.9\bin\;E:\Git\cmd;.]
2019-01-04 14:49:51.501 [restartedMain] INFO  o.a.c.core.ContainerBase.[Tomcat].[localhost].[/] - Initializing Spring embedded WebApplicationContext
2019-01-04 14:49:51.503 [restartedMain] INFO  org.springframework.web.context.ContextLoader - Root WebApplicationContext: initialization completed in 2693 ms
2019-01-04 14:49:51.795 [restartedMain] INFO  c.a.d.s.b.a.DruidDataSourceAutoConfigure - Init DruidDataSource
2019-01-04 14:49:52.641 [restartedMain] INFO  com.alibaba.druid.pool.DruidDataSource - {dataSource-1} inited
2019-01-04 14:49:52.978 [restartedMain] INFO  o.s.scheduling.concurrent.ThreadPoolTaskExecutor - Initializing ExecutorService 'applicationTaskExecutor'
2019-01-04 14:49:53.244 [restartedMain] INFO  o.s.b.a.web.servlet.WelcomePageHandlerMapping - Adding welcome page template: index
2019-01-04 14:49:53.833 [restartedMain] INFO  o.s.security.web.DefaultSecurityFilterChain - Creating filter chain: any request, [org.springframework.security.web.context.request.async.WebAsyncManagerIntegrationFilter@775bbdd0, org.springframework.security.web.context.SecurityContextPersistenceFilter@7a58528e, org.springframework.security.web.header.HeaderWriterFilter@39131a1a, org.springframework.security.web.authentication.logout.LogoutFilter@1cc627d3, org.springframework.security.web.authentication.UsernamePasswordAuthenticationFilter@3dd9d56a, org.springframework.security.web.authentication.ui.DefaultLoginPageGeneratingFilter@93c2d5a, org.springframework.security.web.authentication.ui.DefaultLogoutPageGeneratingFilter@5e489982, org.springframework.security.web.authentication.www.BasicAuthenticationFilter@6f0d4411, org.springframework.security.web.savedrequest.RequestCacheAwareFilter@6b71848b, org.springframework.security.web.servletapi.SecurityContextHolderAwareRequestFilter@667ecce6, org.springframework.security.web.authentication.AnonymousAuthenticationFilter@35e8a2ab, org.springframework.security.web.session.SessionManagementFilter@ca17242, org.springframework.security.web.access.ExceptionTranslationFilter@7802171c, org.springframework.security.web.access.intercept.FilterSecurityInterceptor@2c5dcc04]
2019-01-04 14:49:54.819 [restartedMain] INFO  o.s.b.d.autoconfigure.OptionalLiveReloadServer - LiveReload server is running on port 35729
2019-01-04 14:49:54.878 [restartedMain] INFO  org.apache.coyote.http11.Http11NioProtocol - Starting ProtocolHandler ["http-nio-8080"]
2019-01-04 14:49:54.892 [restartedMain] INFO  org.apache.tomcat.util.net.NioSelectorPool - Using a shared selector for servlet write/read
2019-01-04 14:49:54.917 [restartedMain] INFO  o.s.boot.web.embedded.tomcat.TomcatWebServer - Tomcat started on port(s): 8080 (http) with context path ''
2019-01-04 14:49:54.924 [restartedMain] INFO  com.example.kuangjia.KuangjiaApplication - Started KuangjiaApplication in 7.258 seconds (JVM running for 10.737)
2019-01-04 14:51:11.814 [http-nio-8080-exec-1] INFO  o.a.c.core.ContainerBase.[Tomcat].[localhost].[/] - Initializing Spring DispatcherServlet 'dispatcherServlet'
2019-01-04 14:51:11.815 [http-nio-8080-exec-1] INFO  org.springframework.web.servlet.DispatcherServlet - Initializing Servlet 'dispatcherServlet'
2019-01-04 14:51:11.833 [http-nio-8080-exec-1] INFO  org.springframework.web.servlet.DispatcherServlet - Completed initialization in 18 ms
2019-01-04 15:04:51.564 [restartedMain] INFO  com.example.kuangjia.KuangjiaApplication - Starting KuangjiaApplication on WIN-90BVOJIBBLG with PID 16616 (F:\kuangjia\target\classes started by Administrator in F:\kuangjia)
2019-01-04 15:04:51.568 [restartedMain] INFO  com.example.kuangjia.KuangjiaApplication - The following profiles are active: dev
2019-01-04 15:04:51.618 [restartedMain] INFO  o.s.b.d.env.DevToolsPropertyDefaultsPostProcessor - Devtools property defaults active! Set 'spring.devtools.add-properties' to 'false' to disable
2019-01-04 15:04:51.618 [restartedMain] INFO  o.s.b.d.env.DevToolsPropertyDefaultsPostProcessor - For additional web related logging consider setting the 'logging.level.web' property to 'DEBUG'
2019-01-04 15:04:55.468 [restartedMain] INFO  o.s.boot.web.embedded.tomcat.TomcatWebServer - Tomcat initialized with port(s): 8080 (http)
2019-01-04 15:04:55.484 [restartedMain] INFO  org.apache.coyote.http11.Http11NioProtocol - Initializing ProtocolHandler ["http-nio-8080"]
2019-01-04 15:04:55.506 [restartedMain] INFO  org.apache.catalina.core.StandardService - Starting service [Tomcat]
2019-01-04 15:04:55.506 [restartedMain] INFO  org.apache.catalina.core.StandardEngine - Starting Servlet Engine: Apache Tomcat/9.0.13
2019-01-04 15:04:55.516 [restartedMain] INFO  org.apache.catalina.core.AprLifecycleListener - The APR based Apache Tomcat Native library which allows optimal performance in production environments was not found on the java.library.path: [C:\Program Files\Java\jdk1.8.0_191\bin;C:\Windows\Sun\Java\bin;C:\Windows\system32;C:\Windows;MySQL Utilities\;F:\apache-maven-3.3.9\bin;C:\Program Files\Java\jdk1.8.0_191\bin;F:\apache-maven-3.3.9\bin\;E:\Git\cmd;.]
2019-01-04 15:04:55.885 [restartedMain] INFO  o.a.c.core.ContainerBase.[Tomcat].[localhost].[/] - Initializing Spring embedded WebApplicationContext
2019-01-04 15:04:55.885 [restartedMain] INFO  org.springframework.web.context.ContextLoader - Root WebApplicationContext: initialization completed in 4266 ms
2019-01-04 15:04:56.149 [restartedMain] INFO  c.a.d.s.b.a.DruidDataSourceAutoConfigure - Init DruidDataSource
2019-01-04 15:04:57.147 [restartedMain] INFO  com.alibaba.druid.pool.DruidDataSource - {dataSource-1} inited
2019-01-04 15:04:57.701 [restartedMain] INFO  o.s.scheduling.concurrent.ThreadPoolTaskExecutor - Initializing ExecutorService 'applicationTaskExecutor'
2019-01-04 15:04:57.914 [restartedMain] INFO  o.s.b.a.web.servlet.WelcomePageHandlerMapping - Adding welcome page template: index
2019-01-04 15:04:58.726 [restartedMain] INFO  o.s.security.web.DefaultSecurityFilterChain - Creating filter chain: any request, [org.springframework.security.web.context.request.async.WebAsyncManagerIntegrationFilter@14405774, org.springframework.security.web.context.SecurityContextPersistenceFilter@3ed6acec, org.springframework.security.web.header.HeaderWriterFilter@4b34b4d6, org.springframework.security.web.authentication.logout.LogoutFilter@4a3ce0bc, org.springframework.security.web.authentication.UsernamePasswordAuthenticationFilter@70f0d85d, org.springframework.security.web.authentication.ui.DefaultLoginPageGeneratingFilter@433b8cf3, org.springframework.security.web.authentication.ui.DefaultLogoutPageGeneratingFilter@7df75151, org.springframework.security.web.authentication.www.BasicAuthenticationFilter@29788cc1, org.springframework.security.web.savedrequest.RequestCacheAwareFilter@6282bf57, org.springframework.security.web.servletapi.SecurityContextHolderAwareRequestFilter@5d264dc4, org.springframework.security.web.authentication.AnonymousAuthenticationFilter@65b22730, org.springframework.security.web.session.SessionManagementFilter@680bf286, org.springframework.security.web.access.ExceptionTranslationFilter@16e94d69, org.springframework.security.web.access.intercept.FilterSecurityInterceptor@3f39d517]
2019-01-04 15:04:59.937 [restartedMain] INFO  o.s.b.d.autoconfigure.OptionalLiveReloadServer - LiveReload server is running on port 35729
2019-01-04 15:05:00.016 [restartedMain] INFO  org.apache.coyote.http11.Http11NioProtocol - Starting ProtocolHandler ["http-nio-8080"]
2019-01-04 15:05:00.033 [restartedMain] INFO  org.apache.tomcat.util.net.NioSelectorPool - Using a shared selector for servlet write/read
2019-01-04 15:05:00.066 [restartedMain] INFO  o.s.boot.web.embedded.tomcat.TomcatWebServer - Tomcat started on port(s): 8080 (http) with context path ''
2019-01-04 15:05:00.073 [restartedMain] INFO  com.example.kuangjia.KuangjiaApplication - Started KuangjiaApplication in 11.509 seconds (JVM running for 13.958)
2019-01-04 15:05:10.428 [http-nio-8080-exec-9] INFO  o.a.c.core.ContainerBase.[Tomcat].[localhost].[/] - Initializing Spring DispatcherServlet 'dispatcherServlet'
2019-01-04 15:05:10.428 [http-nio-8080-exec-9] INFO  org.springframework.web.servlet.DispatcherServlet - Initializing Servlet 'dispatcherServlet'
2019-01-04 15:05:10.442 [http-nio-8080-exec-9] INFO  org.springframework.web.servlet.DispatcherServlet - Completed initialization in 14 ms
2019-01-04 15:06:14.902 [restartedMain] INFO  com.example.kuangjia.KuangjiaApplication - Starting KuangjiaApplication on WIN-90BVOJIBBLG with PID 10076 (F:\kuangjia\target\classes started by Administrator in F:\kuangjia)
2019-01-04 15:06:15.062 [restartedMain] INFO  com.example.kuangjia.KuangjiaApplication - The following profiles are active: dev
2019-01-04 15:06:15.164 [restartedMain] INFO  o.s.b.d.env.DevToolsPropertyDefaultsPostProcessor - Devtools property defaults active! Set 'spring.devtools.add-properties' to 'false' to disable
2019-01-04 15:06:15.164 [restartedMain] INFO  o.s.b.d.env.DevToolsPropertyDefaultsPostProcessor - For additional web related logging consider setting the 'logging.level.web' property to 'DEBUG'
2019-01-04 15:06:17.647 [restartedMain] INFO  o.s.boot.web.embedded.tomcat.TomcatWebServer - Tomcat initialized with port(s): 8080 (http)
2019-01-04 15:06:17.668 [restartedMain] INFO  org.apache.coyote.http11.Http11NioProtocol - Initializing ProtocolHandler ["http-nio-8080"]
2019-01-04 15:06:17.681 [restartedMain] INFO  org.apache.catalina.core.StandardService - Starting service [Tomcat]
2019-01-04 15:06:17.682 [restartedMain] INFO  org.apache.catalina.core.StandardEngine - Starting Servlet Engine: Apache Tomcat/9.0.13
2019-01-04 15:06:17.692 [restartedMain] INFO  org.apache.catalina.core.AprLifecycleListener - The APR based Apache Tomcat Native library which allows optimal performance in production environments was not found on the java.library.path: [C:\Program Files\Java\jdk1.8.0_191\bin;C:\Windows\Sun\Java\bin;C:\Windows\system32;C:\Windows;MySQL Utilities\;F:\apache-maven-3.3.9\bin;C:\Program Files\Java\jdk1.8.0_191\bin;F:\apache-maven-3.3.9\bin\;E:\Git\cmd;.]
2019-01-04 15:06:18.125 [restartedMain] INFO  o.a.c.core.ContainerBase.[Tomcat].[localhost].[/] - Initializing Spring embedded WebApplicationContext
2019-01-04 15:06:18.125 [restartedMain] INFO  org.springframework.web.context.ContextLoader - Root WebApplicationContext: initialization completed in 2961 ms
2019-01-04 15:06:18.623 [restartedMain] INFO  c.a.d.s.b.a.DruidDataSourceAutoConfigure - Init DruidDataSource
2019-01-04 15:06:19.535 [restartedMain] INFO  com.alibaba.druid.pool.DruidDataSource - {dataSource-1} inited
2019-01-04 15:06:19.942 [restartedMain] INFO  o.s.scheduling.concurrent.ThreadPoolTaskExecutor - Initializing ExecutorService 'applicationTaskExecutor'
2019-01-04 15:06:20.121 [restartedMain] INFO  o.s.b.a.web.servlet.WelcomePageHandlerMapping - Adding welcome page template: index
2019-01-04 15:06:20.715 [restartedMain] INFO  o.s.security.web.DefaultSecurityFilterChain - Creating filter chain: any request, [org.springframework.security.web.context.request.async.WebAsyncManagerIntegrationFilter@2509cd2d, org.springframework.security.web.context.SecurityContextPersistenceFilter@2e54da02, org.springframework.security.web.header.HeaderWriterFilter@574f1ea6, org.springframework.security.web.authentication.logout.LogoutFilter@715a186f, org.springframework.security.web.authentication.UsernamePasswordAuthenticationFilter@92246a, org.springframework.security.web.authentication.ui.DefaultLoginPageGeneratingFilter@ee0d4af, org.springframework.security.web.authentication.ui.DefaultLogoutPageGeneratingFilter@74789b01, org.springframework.security.web.authentication.www.BasicAuthenticationFilter@1fcf572a, org.springframework.security.web.savedrequest.RequestCacheAwareFilter@643eab7f, org.springframework.security.web.servletapi.SecurityContextHolderAwareRequestFilter@71642a2c, org.springframework.security.web.authentication.AnonymousAuthenticationFilter@5b24e4f0, org.springframework.security.web.session.SessionManagementFilter@699101d3, org.springframework.security.web.access.ExceptionTranslationFilter@7894f399, org.springframework.security.web.access.intercept.FilterSecurityInterceptor@48c9e81b]
2019-01-04 15:06:21.579 [restartedMain] INFO  o.s.b.d.autoconfigure.OptionalLiveReloadServer - LiveReload server is running on port 35729
2019-01-04 15:06:21.636 [restartedMain] INFO  org.apache.coyote.http11.Http11NioProtocol - Starting ProtocolHandler ["http-nio-8080"]
2019-01-04 15:06:21.651 [restartedMain] INFO  org.apache.tomcat.util.net.NioSelectorPool - Using a shared selector for servlet write/read
2019-01-04 15:06:21.671 [restartedMain] INFO  o.s.boot.web.embedded.tomcat.TomcatWebServer - Tomcat started on port(s): 8080 (http) with context path ''
2019-01-04 15:06:21.678 [restartedMain] INFO  com.example.kuangjia.KuangjiaApplication - Started KuangjiaApplication in 9.641 seconds (JVM running for 13.125)
2019-01-04 15:06:45.725 [http-nio-8080-exec-1] INFO  o.a.c.core.ContainerBase.[Tomcat].[localhost].[/] - Initializing Spring DispatcherServlet 'dispatcherServlet'
2019-01-04 15:06:45.725 [http-nio-8080-exec-1] INFO  org.springframework.web.servlet.DispatcherServlet - Initializing Servlet 'dispatcherServlet'
2019-01-04 15:06:45.748 [http-nio-8080-exec-1] INFO  org.springframework.web.servlet.DispatcherServlet - Completed initialization in 22 ms
